Mon Aug 21 18:05:53 PDT 2023
Job ID: 576387

Input cisTopic object: /cellar/users/aklie/projects/igvf/beta_cell_networks/infer_grns/scenicplus/results/igvf_sc-islet_10X-Multiome/10Aug23/cistopic_obj.pkl
Output file: /cellar/users/aklie/projects/igvf/beta_cell_networks/infer_grns/scenicplus/results/igvf_sc-islet_10X-Multiome/10Aug23/mallet/2/model.pkl
Number of topics: 2
Number of CPU cores: 8
Number of iterations: 150
Alpha: 50
Divide alpha by the number of topics: True
Eta: 0.1
Divide eta by the number of topics: False
Path to save intermediate files: /cellar/users/aklie/projects/igvf/beta_cell_networks/infer_grns/scenicplus/results/igvf_sc-islet_10X-Multiome/10Aug23/mallet/2/tmp
Seed: 555
Path to TMP dir: /cellar/users/aklie/projects/igvf/beta_cell_networks/infer_grns/scenicplus/results/igvf_sc-islet_10X-Multiome/10Aug23/mallet/2/tmp
Reuse Mallet corpus: False

Running:
python /cellar/users/aklie/projects/igvf/beta_cell_networks/infer_grns/scenicplus/bin/igvf_sc-islet_10X-Multiome/runModels_lda_mallet.py --inputcisTopic_obj /cellar/users/aklie/projects/igvf/beta_cell_networks/infer_grns/scenicplus/results/igvf_sc-islet_10X-Multiome/10Aug23/cistopic_obj.pkl --output /cellar/users/aklie/projects/igvf/beta_cell_networks/infer_grns/scenicplus/results/igvf_sc-islet_10X-Multiome/10Aug23/mallet/2/model.pkl --n_topics 2 --n_cpu 8 --n_iter 150 --alpha 50 --alpha_by_topic True --eta 0.1 --eta_by_topic False --save_path /cellar/users/aklie/projects/igvf/beta_cell_networks/infer_grns/scenicplus/results/igvf_sc-islet_10X-Multiome/10Aug23/mallet/2/tmp --seed 555 --temp_dir /cellar/users/aklie/projects/igvf/beta_cell_networks/infer_grns/scenicplus/results/igvf_sc-islet_10X-Multiome/10Aug23/mallet/2/tmp --reuse_corpus False

Input cisTopic_object: /cellar/users/aklie/projects/igvf/beta_cell_networks/infer_grns/scenicplus/results/igvf_sc-islet_10X-Multiome/10Aug23/cistopic_obj.pkl
Output file: /cellar/users/aklie/projects/igvf/beta_cell_networks/infer_grns/scenicplus/results/igvf_sc-islet_10X-Multiome/10Aug23/mallet/2/model.pkl
Number of topics: ['2']
Number of topics: [2]
Alpha: 50
Divide alpha by the number of topics: True
Eta: 0.1
Divide eta by the number of topics: False
Number of iterations: 150
Number of cores: 8
Path to save intermediate files: /cellar/users/aklie/projects/igvf/beta_cell_networks/infer_grns/scenicplus/results/igvf_sc-islet_10X-Multiome/10Aug23/mallet/2/tmp
Seed: 555
Path to TMP dir: /cellar/users/aklie/projects/igvf/beta_cell_networks/infer_grns/scenicplus/results/igvf_sc-islet_10X-Multiome/10Aug23/mallet/2/tmp/
Reuse Mallet corpus: False
Running models
--------------
2023-08-21 18:07:22,537 cisTopic     INFO     Formatting input to corpus
