Mon Aug 21 18:16:36 PDT 2023
Job ID: 576408

Input cisTopic object: /cellar/users/aklie/projects/igvf/beta_cell_networks/infer_grns/scenicplus/results/igvf_sc-islet_10X-Multiome/10Aug23/cistopic_obj.pkl
Output file: /cellar/users/aklie/projects/igvf/beta_cell_networks/infer_grns/scenicplus/results/igvf_sc-islet_10X-Multiome/10Aug23/mallet/16/model.pkl
Number of topics: 16
Number of CPU cores: 8
Number of iterations: 150
Alpha: 50
Divide alpha by the number of topics: True
Eta: 0.1
Divide eta by the number of topics: False
Path to save intermediate files: /cellar/users/aklie/projects/igvf/beta_cell_networks/infer_grns/scenicplus/results/igvf_sc-islet_10X-Multiome/10Aug23/mallet/16
Seed: 555
Path to TMP dir: /cellar/users/aklie/projects/igvf/beta_cell_networks/infer_grns/scenicplus/results/igvf_sc-islet_10X-Multiome/10Aug23/mallet/16/tmp
Reuse Mallet corpus: False

Running:
python /cellar/users/aklie/projects/igvf/beta_cell_networks/infer_grns/scenicplus/bin/igvf_sc-islet_10X-Multiome/runModels_lda_mallet.py --inputcisTopic_obj /cellar/users/aklie/projects/igvf/beta_cell_networks/infer_grns/scenicplus/results/igvf_sc-islet_10X-Multiome/10Aug23/cistopic_obj.pkl --output /cellar/users/aklie/projects/igvf/beta_cell_networks/infer_grns/scenicplus/results/igvf_sc-islet_10X-Multiome/10Aug23/mallet/16/model.pkl --n_topics 16 --n_cpu 8 --n_iter 150 --alpha 50 --alpha_by_topic True --eta 0.1 --eta_by_topic False --save_path /cellar/users/aklie/projects/igvf/beta_cell_networks/infer_grns/scenicplus/results/igvf_sc-islet_10X-Multiome/10Aug23/mallet/16 --seed 555 --temp_dir /cellar/users/aklie/projects/igvf/beta_cell_networks/infer_grns/scenicplus/results/igvf_sc-islet_10X-Multiome/10Aug23/mallet/16/tmp --reuse_corpus False

Input cisTopic_object: /cellar/users/aklie/projects/igvf/beta_cell_networks/infer_grns/scenicplus/results/igvf_sc-islet_10X-Multiome/10Aug23/cistopic_obj.pkl
Output file: /cellar/users/aklie/projects/igvf/beta_cell_networks/infer_grns/scenicplus/results/igvf_sc-islet_10X-Multiome/10Aug23/mallet/16/model.pkl
Number of topics: ['16']
Number of topics: [16]
Alpha: 50
Divide alpha by the number of topics: True
Eta: 0.1
Divide eta by the number of topics: False
Number of iterations: 150
Number of cores: 8
Path to save intermediate files: /cellar/users/aklie/projects/igvf/beta_cell_networks/infer_grns/scenicplus/results/igvf_sc-islet_10X-Multiome/10Aug23/mallet/16
Seed: 555
Path to TMP dir: /cellar/users/aklie/projects/igvf/beta_cell_networks/infer_grns/scenicplus/results/igvf_sc-islet_10X-Multiome/10Aug23/mallet/16/tmp/
Reuse Mallet corpus: False
Running models
--------------
2023-08-21 18:17:54,689 cisTopic     INFO     Formatting input to corpus
2023-08-21 18:18:29,113 gensim.corpora.dictionary INFO     adding document #0 to Dictionary<0 unique tokens: []>
2023-08-21 18:19:55,039 gensim.corpora.dictionary INFO     adding document #10000 to Dictionary<0 unique tokens: []>
2023-08-21 18:21:21,628 gensim.corpora.dictionary INFO     adding document #20000 to Dictionary<0 unique tokens: []>
2023-08-21 18:21:57,409 gensim.corpora.dictionary INFO     adding document #30000 to Dictionary<0 unique tokens: []>
2023-08-21 18:22:28,668 gensim.corpora.dictionary INFO     adding document #40000 to Dictionary<0 unique tokens: []>
2023-08-21 18:23:28,636 gensim.corpora.dictionary INFO     adding document #50000 to Dictionary<0 unique tokens: []>
2023-08-21 18:23:37,145 gensim.corpora.dictionary INFO     adding document #60000 to Dictionary<0 unique tokens: []>
2023-08-21 18:24:46,180 gensim.corpora.dictionary INFO     adding document #70000 to Dictionary<0 unique tokens: []>
2023-08-21 18:26:02,240 gensim.corpora.dictionary INFO     adding document #80000 to Dictionary<0 unique tokens: []>
2023-08-21 18:26:33,510 gensim.corpora.dictionary INFO     built Dictionary<262418 unique tokens: ['0', '1', '2', '3', '4']...> from 83289 documents (total 602396301 corpus positions)
2023-08-21 18:26:33,511 cisTopic     INFO     Running model with 16 topics
2023-08-21 18:26:33,526 LDAMalletWrapper INFO     Serializing temporary corpus to /cellar/users/aklie/projects/igvf/beta_cell_networks/infer_grns/scenicplus/results/igvf_sc-islet_10X-Multiome/10Aug23/mallet/16/tmp/corpus.txt
2023-08-21 18:52:47,386 LDAMalletWrapper INFO     Converting temporary corpus to MALLET format with /cellar/users/aklie/opt/Mallet-202108/bin import-file --preserve-case --keep-sequence --remove-stopwords --token-regex "\S+" --input /cellar/users/aklie/projects/igvf/beta_cell_networks/infer_grns/scenicplus/results/igvf_sc-islet_10X-Multiome/10Aug23/mallet/16/tmp/corpus.txt --output /cellar/users/aklie/projects/igvf/beta_cell_networks/infer_grns/scenicplus/results/igvf_sc-islet_10X-Multiome/10Aug23/mallet/16/tmp/corpus.mallet
Mon Aug 21 18:52:48 PDT 2023
